<?xml version="1.0" encoding="UTF-8"?>
<!-- Generated by org.testng.reporters.JUnitReportReporter -->
<testsuite hostname="Sani" failures="0" tests="1" name="demo.SampleTest" time="0.016" errors="0" timestamp="2024-10-03T23:04:48 IST" skipped="0">
  <testcase classname="demo.SampleTest" name="m2" time="0.016"/>
  <system-out/>
</testsuite> <!-- demo.SampleTest -->
