<?xml version="1.0" encoding="UTF-8"?>
<!-- Generated by org.testng.reporters.JUnitReportReporter -->
<testsuite hostname="Sani" failures="0" tests="1" name="demo.SimpleTest" time="0.022" errors="0" timestamp="2024-10-03T16:26:43 IST" skipped="0">
  <testcase classname="demo.SimpleTest" name="m1" time="0.022"/>
  <system-out/>
</testsuite> <!-- demo.SimpleTest -->
